0 info it worked if it ends with ok
1 verbose cli [ '/usr/bin/node', '/usr/bin/npm', 'install' ]
2 info using npm@1.4.28
3 info using node@v0.10.37
4 verbose node symlink /usr/bin/node
5 verbose readDependencies using package.json deps
6 verbose install where, deps [ '/home/henry/Dev/elixir_twitter',
6 verbose install   [ 'babel-brunch',
6 verbose install     'brunch',
6 verbose install     'clean-css-brunch',
6 verbose install     'css-brunch',
6 verbose install     'javascript-brunch',
6 verbose install     'uglify-js-brunch',
6 verbose install     'phoenix',
6 verbose install     'phoenix_html' ] ]
7 info preinstall @
8 verbose readDependencies using package.json deps
9 verbose cache add [ 'babel-brunch@~6.0.0', null ]
10 verbose cache add name=undefined spec="babel-brunch@~6.0.0" args=["babel-brunch@~6.0.0",null]
11 verbose parsed url { protocol: null,
11 verbose parsed url   slashes: null,
11 verbose parsed url   auth: null,
11 verbose parsed url   host: null,
11 verbose parsed url   port: null,
11 verbose parsed url   hostname: null,
11 verbose parsed url   hash: null,
11 verbose parsed url   search: null,
11 verbose parsed url   query: null,
11 verbose parsed url   pathname: 'babel-brunch@~6.0.0',
11 verbose parsed url   path: 'babel-brunch@~6.0.0',
11 verbose parsed url   href: 'babel-brunch@~6.0.0' }
12 verbose cache add [ 'brunch@~2.1.3', null ]
13 verbose cache add name=undefined spec="brunch@~2.1.3" args=["brunch@~2.1.3",null]
14 verbose parsed url { protocol: null,
14 verbose parsed url   slashes: null,
14 verbose parsed url   auth: null,
14 verbose parsed url   host: null,
14 verbose parsed url   port: null,
14 verbose parsed url   hostname: null,
14 verbose parsed url   hash: null,
14 verbose parsed url   search: null,
14 verbose parsed url   query: null,
14 verbose parsed url   pathname: 'brunch@~2.1.3',
14 verbose parsed url   path: 'brunch@~2.1.3',
14 verbose parsed url   href: 'brunch@~2.1.3' }
15 verbose cache add name="babel-brunch" spec="~6.0.0" args=["babel-brunch","~6.0.0"]
16 verbose parsed url { protocol: null,
16 verbose parsed url   slashes: null,
16 verbose parsed url   auth: null,
16 verbose parsed url   host: null,
16 verbose parsed url   port: null,
16 verbose parsed url   hostname: null,
16 verbose parsed url   hash: null,
16 verbose parsed url   search: null,
16 verbose parsed url   query: null,
16 verbose parsed url   pathname: '~6.0.0',
16 verbose parsed url   path: '~6.0.0',
16 verbose parsed url   href: '~6.0.0' }
17 verbose addNamed [ 'babel-brunch', '~6.0.0' ]
18 verbose addNamed [ null, '>=6.0.0-0 <6.1.0-0' ]
19 verbose cache add name="brunch" spec="~2.1.3" args=["brunch","~2.1.3"]
20 verbose parsed url { protocol: null,
20 verbose parsed url   slashes: null,
20 verbose parsed url   auth: null,
20 verbose parsed url   host: null,
20 verbose parsed url   port: null,
20 verbose parsed url   hostname: null,
20 verbose parsed url   hash: null,
20 verbose parsed url   search: null,
20 verbose parsed url   query: null,
20 verbose parsed url   pathname: '~2.1.3',
20 verbose parsed url   path: '~2.1.3',
20 verbose parsed url   href: '~2.1.3' }
21 verbose addNamed [ 'brunch', '~2.1.3' ]
22 verbose addNamed [ null, '>=2.1.3-0 <2.2.0-0' ]
23 verbose cache add [ 'clean-css-brunch@~1.8.0', null ]
24 verbose cache add name=undefined spec="clean-css-brunch@~1.8.0" args=["clean-css-brunch@~1.8.0",null]
25 verbose parsed url { protocol: null,
25 verbose parsed url   slashes: null,
25 verbose parsed url   auth: null,
25 verbose parsed url   host: null,
25 verbose parsed url   port: null,
25 verbose parsed url   hostname: null,
25 verbose parsed url   hash: null,
25 verbose parsed url   search: null,
25 verbose parsed url   query: null,
25 verbose parsed url   pathname: 'clean-css-brunch@~1.8.0',
25 verbose parsed url   path: 'clean-css-brunch@~1.8.0',
25 verbose parsed url   href: 'clean-css-brunch@~1.8.0' }
26 verbose cache add [ 'css-brunch@~1.7.0', null ]
27 verbose cache add name=undefined spec="css-brunch@~1.7.0" args=["css-brunch@~1.7.0",null]
28 verbose parsed url { protocol: null,
28 verbose parsed url   slashes: null,
28 verbose parsed url   auth: null,
28 verbose parsed url   host: null,
28 verbose parsed url   port: null,
28 verbose parsed url   hostname: null,
28 verbose parsed url   hash: null,
28 verbose parsed url   search: null,
28 verbose parsed url   query: null,
28 verbose parsed url   pathname: 'css-brunch@~1.7.0',
28 verbose parsed url   path: 'css-brunch@~1.7.0',
28 verbose parsed url   href: 'css-brunch@~1.7.0' }
29 verbose cache add [ 'javascript-brunch@~1.8.0', null ]
30 verbose cache add name=undefined spec="javascript-brunch@~1.8.0" args=["javascript-brunch@~1.8.0",null]
31 verbose parsed url { protocol: null,
31 verbose parsed url   slashes: null,
31 verbose parsed url   auth: null,
31 verbose parsed url   host: null,
31 verbose parsed url   port: null,
31 verbose parsed url   hostname: null,
31 verbose parsed url   hash: null,
31 verbose parsed url   search: null,
31 verbose parsed url   query: null,
31 verbose parsed url   pathname: 'javascript-brunch@~1.8.0',
31 verbose parsed url   path: 'javascript-brunch@~1.8.0',
31 verbose parsed url   href: 'javascript-brunch@~1.8.0' }
32 silly lockFile 6b74a846-babel-brunch-6-0-0 babel-brunch@~6.0.0
33 verbose lock babel-brunch@~6.0.0 /home/henry/.npm/6b74a846-babel-brunch-6-0-0.lock
34 silly lockFile ae899708-brunch-2-1-3 brunch@~2.1.3
35 verbose lock brunch@~2.1.3 /home/henry/.npm/ae899708-brunch-2-1-3.lock
36 verbose cache add name="clean-css-brunch" spec="~1.8.0" args=["clean-css-brunch","~1.8.0"]
37 verbose parsed url { protocol: null,
37 verbose parsed url   slashes: null,
37 verbose parsed url   auth: null,
37 verbose parsed url   host: null,
37 verbose parsed url   port: null,
37 verbose parsed url   hostname: null,
37 verbose parsed url   hash: null,
37 verbose parsed url   search: null,
37 verbose parsed url   query: null,
37 verbose parsed url   pathname: '~1.8.0',
37 verbose parsed url   path: '~1.8.0',
37 verbose parsed url   href: '~1.8.0' }
38 verbose addNamed [ 'clean-css-brunch', '~1.8.0' ]
39 verbose addNamed [ null, '>=1.8.0-0 <1.9.0-0' ]
40 silly lockFile ce351c63-clean-css-brunch-1-8-0 clean-css-brunch@~1.8.0
41 verbose lock clean-css-brunch@~1.8.0 /home/henry/.npm/ce351c63-clean-css-brunch-1-8-0.lock
42 verbose cache add name="css-brunch" spec="~1.7.0" args=["css-brunch","~1.7.0"]
43 verbose parsed url { protocol: null,
43 verbose parsed url   slashes: null,
43 verbose parsed url   auth: null,
43 verbose parsed url   host: null,
43 verbose parsed url   port: null,
43 verbose parsed url   hostname: null,
43 verbose parsed url   hash: null,
43 verbose parsed url   search: null,
43 verbose parsed url   query: null,
43 verbose parsed url   pathname: '~1.7.0',
43 verbose parsed url   path: '~1.7.0',
43 verbose parsed url   href: '~1.7.0' }
44 verbose addNamed [ 'css-brunch', '~1.7.0' ]
45 verbose addNamed [ null, '>=1.7.0-0 <1.8.0-0' ]
46 silly lockFile 37226b7f-css-brunch-1-7-0 css-brunch@~1.7.0
47 verbose lock css-brunch@~1.7.0 /home/henry/.npm/37226b7f-css-brunch-1-7-0.lock
48 verbose cache add name="javascript-brunch" spec="~1.8.0" args=["javascript-brunch","~1.8.0"]
49 verbose parsed url { protocol: null,
49 verbose parsed url   slashes: null,
49 verbose parsed url   auth: null,
49 verbose parsed url   host: null,
49 verbose parsed url   port: null,
49 verbose parsed url   hostname: null,
49 verbose parsed url   hash: null,
49 verbose parsed url   search: null,
49 verbose parsed url   query: null,
49 verbose parsed url   pathname: '~1.8.0',
49 verbose parsed url   path: '~1.8.0',
49 verbose parsed url   href: '~1.8.0' }
50 verbose addNamed [ 'javascript-brunch', '~1.8.0' ]
51 verbose addNamed [ null, '>=1.8.0-0 <1.9.0-0' ]
52 silly lockFile e65a8e02-javascript-brunch-1-8-0 javascript-brunch@~1.8.0
53 verbose lock javascript-brunch@~1.8.0 /home/henry/.npm/e65a8e02-javascript-brunch-1-8-0.lock
54 verbose cache add [ 'uglify-js-brunch@~1.7.0', null ]
55 verbose cache add name=undefined spec="uglify-js-brunch@~1.7.0" args=["uglify-js-brunch@~1.7.0",null]
56 verbose parsed url { protocol: null,
56 verbose parsed url   slashes: null,
56 verbose parsed url   auth: null,
56 verbose parsed url   host: null,
56 verbose parsed url   port: null,
56 verbose parsed url   hostname: null,
56 verbose parsed url   hash: null,
56 verbose parsed url   search: null,
56 verbose parsed url   query: null,
56 verbose parsed url   pathname: 'uglify-js-brunch@~1.7.0',
56 verbose parsed url   path: 'uglify-js-brunch@~1.7.0',
56 verbose parsed url   href: 'uglify-js-brunch@~1.7.0' }
57 verbose cache add [ 'phoenix@file:deps/phoenix', null ]
58 verbose cache add name=undefined spec="phoenix@file:deps/phoenix" args=["phoenix@file:deps/phoenix",null]
59 verbose parsed url { protocol: null,
59 verbose parsed url   slashes: null,
59 verbose parsed url   auth: null,
59 verbose parsed url   host: null,
59 verbose parsed url   port: null,
59 verbose parsed url   hostname: null,
59 verbose parsed url   hash: null,
59 verbose parsed url   search: null,
59 verbose parsed url   query: null,
59 verbose parsed url   pathname: 'phoenix@file:deps/phoenix',
59 verbose parsed url   path: 'phoenix@file:deps/phoenix',
59 verbose parsed url   href: 'phoenix@file:deps/phoenix' }
60 verbose cache add [ 'phoenix_html@file:deps/phoenix_html', null ]
61 verbose cache add name=undefined spec="phoenix_html@file:deps/phoenix_html" args=["phoenix_html@file:deps/phoenix_html",null]
62 verbose parsed url { protocol: null,
62 verbose parsed url   slashes: null,
62 verbose parsed url   auth: null,
62 verbose parsed url   host: null,
62 verbose parsed url   port: null,
62 verbose parsed url   hostname: null,
62 verbose parsed url   hash: null,
62 verbose parsed url   search: null,
62 verbose parsed url   query: null,
62 verbose parsed url   pathname: 'phoenix_html@file:deps/phoenix_html',
62 verbose parsed url   path: 'phoenix_html@file:deps/phoenix_html',
62 verbose parsed url   href: 'phoenix_html@file:deps/phoenix_html' }
63 verbose cache add name="uglify-js-brunch" spec="~1.7.0" args=["uglify-js-brunch","~1.7.0"]
64 verbose parsed url { protocol: null,
64 verbose parsed url   slashes: null,
64 verbose parsed url   auth: null,
64 verbose parsed url   host: null,
64 verbose parsed url   port: null,
64 verbose parsed url   hostname: null,
64 verbose parsed url   hash: null,
64 verbose parsed url   search: null,
64 verbose parsed url   query: null,
64 verbose parsed url   pathname: '~1.7.0',
64 verbose parsed url   path: '~1.7.0',
64 verbose parsed url   href: '~1.7.0' }
65 verbose addNamed [ 'uglify-js-brunch', '~1.7.0' ]
66 verbose addNamed [ null, '>=1.7.0-0 <1.8.0-0' ]
67 silly lockFile 1e79e113-uglify-js-brunch-1-7-0 uglify-js-brunch@~1.7.0
68 verbose lock uglify-js-brunch@~1.7.0 /home/henry/.npm/1e79e113-uglify-js-brunch-1-7-0.lock
69 verbose cache add name="phoenix" spec="file:deps/phoenix" args=["phoenix","file:deps/phoenix"]
70 verbose parsed url { protocol: 'file:',
70 verbose parsed url   slashes: null,
70 verbose parsed url   auth: null,
70 verbose parsed url   host: null,
70 verbose parsed url   port: null,
70 verbose parsed url   hostname: null,
70 verbose parsed url   hash: null,
70 verbose parsed url   search: null,
70 verbose parsed url   query: null,
70 verbose parsed url   pathname: 'deps/phoenix',
70 verbose parsed url   path: 'deps/phoenix',
70 verbose parsed url   href: 'file:deps/phoenix' }
71 verbose addNamed [ 'phoenix', 'file:deps/phoenix' ]
72 verbose addNamed [ null, null ]
73 silly lockFile 25706d37-phoenix-file-deps-phoenix phoenix@file:deps/phoenix
74 verbose lock phoenix@file:deps/phoenix /home/henry/.npm/25706d37-phoenix-file-deps-phoenix.lock
75 verbose cache add name="phoenix_html" spec="file:deps/phoenix_html" args=["phoenix_html","file:deps/phoenix_html"]
76 verbose parsed url { protocol: 'file:',
76 verbose parsed url   slashes: null,
76 verbose parsed url   auth: null,
76 verbose parsed url   host: null,
76 verbose parsed url   port: null,
76 verbose parsed url   hostname: null,
76 verbose parsed url   hash: null,
76 verbose parsed url   search: null,
76 verbose parsed url   query: null,
76 verbose parsed url   pathname: 'deps/phoenix_html',
76 verbose parsed url   path: 'deps/phoenix_html',
76 verbose parsed url   href: 'file:deps/phoenix_html' }
77 verbose addNamed [ 'phoenix_html', 'file:deps/phoenix_html' ]
78 verbose addNamed [ null, null ]
79 silly lockFile 3d88e48d-enix-html-file-deps-phoenix-html phoenix_html@file:deps/phoenix_html
80 verbose lock phoenix_html@file:deps/phoenix_html /home/henry/.npm/3d88e48d-enix-html-file-deps-phoenix-html.lock
81 silly addNameRange { name: 'babel-brunch',
81 silly addNameRange   range: '>=6.0.0-0 <6.1.0-0',
81 silly addNameRange   hasData: false }
82 silly addNameRange { name: 'brunch', range: '>=2.1.3-0 <2.2.0-0', hasData: false }
83 verbose request where is /babel-brunch
84 verbose request registry https://registry.npmjs.org/
85 verbose request id 5e036d9a9ec99ff8
86 verbose url raw /babel-brunch
87 verbose url resolving [ 'https://registry.npmjs.org/', './babel-brunch' ]
88 verbose url resolved https://registry.npmjs.org/babel-brunch
89 verbose request where is https://registry.npmjs.org/babel-brunch
90 info trying registry request attempt 1 at 19:28:43
91 http GET https://registry.npmjs.org/babel-brunch
92 silly addNameRange { name: 'clean-css-brunch',
92 silly addNameRange   range: '>=1.8.0-0 <1.9.0-0',
92 silly addNameRange   hasData: false }
93 silly addNameRange { name: 'javascript-brunch',
93 silly addNameRange   range: '>=1.8.0-0 <1.9.0-0',
93 silly addNameRange   hasData: false }
94 silly addNameRange { name: 'css-brunch',
94 silly addNameRange   range: '>=1.7.0-0 <1.8.0-0',
94 silly addNameRange   hasData: false }
95 silly addNameRange { name: 'uglify-js-brunch',
95 silly addNameRange   range: '>=1.7.0-0 <1.8.0-0',
95 silly addNameRange   hasData: false }
96 info addNameTag [ 'phoenix', 'file:deps/phoenix' ]
97 info addNameTag [ 'phoenix_html', 'file:deps/phoenix_html' ]
98 verbose request where is /brunch
99 verbose request registry https://registry.npmjs.org/
100 verbose url raw /brunch
101 verbose url resolving [ 'https://registry.npmjs.org/', './brunch' ]
102 verbose url resolved https://registry.npmjs.org/brunch
103 verbose request where is https://registry.npmjs.org/brunch
104 info trying registry request attempt 1 at 19:28:43
105 http GET https://registry.npmjs.org/brunch
106 verbose request where is /clean-css-brunch
107 verbose request registry https://registry.npmjs.org/
108 verbose url raw /clean-css-brunch
109 verbose url resolving [ 'https://registry.npmjs.org/', './clean-css-brunch' ]
110 verbose url resolved https://registry.npmjs.org/clean-css-brunch
111 verbose request where is https://registry.npmjs.org/clean-css-brunch
112 info trying registry request attempt 1 at 19:28:43
113 http GET https://registry.npmjs.org/clean-css-brunch
114 verbose request where is /javascript-brunch
115 verbose request registry https://registry.npmjs.org/
116 verbose url raw /javascript-brunch
117 verbose url resolving [ 'https://registry.npmjs.org/', './javascript-brunch' ]
118 verbose url resolved https://registry.npmjs.org/javascript-brunch
119 verbose request where is https://registry.npmjs.org/javascript-brunch
120 info trying registry request attempt 1 at 19:28:43
121 http GET https://registry.npmjs.org/javascript-brunch
122 verbose request where is /css-brunch
123 verbose request registry https://registry.npmjs.org/
124 verbose url raw /css-brunch
125 verbose url resolving [ 'https://registry.npmjs.org/', './css-brunch' ]
126 verbose url resolved https://registry.npmjs.org/css-brunch
127 verbose request where is https://registry.npmjs.org/css-brunch
128 info trying registry request attempt 1 at 19:28:43
129 http GET https://registry.npmjs.org/css-brunch
130 verbose request where is /uglify-js-brunch
131 verbose request registry https://registry.npmjs.org/
132 verbose url raw /uglify-js-brunch
133 verbose url resolving [ 'https://registry.npmjs.org/', './uglify-js-brunch' ]
134 verbose url resolved https://registry.npmjs.org/uglify-js-brunch
135 verbose request where is https://registry.npmjs.org/uglify-js-brunch
136 info trying registry request attempt 1 at 19:28:43
137 http GET https://registry.npmjs.org/uglify-js-brunch
138 verbose request where is /phoenix
139 verbose request registry https://registry.npmjs.org/
140 verbose url raw /phoenix
141 verbose url resolving [ 'https://registry.npmjs.org/', './phoenix' ]
142 verbose url resolved https://registry.npmjs.org/phoenix
143 verbose request where is https://registry.npmjs.org/phoenix
144 info trying registry request attempt 1 at 19:28:43
145 http GET https://registry.npmjs.org/phoenix
146 verbose request where is /phoenix_html
147 verbose request registry https://registry.npmjs.org/
148 verbose url raw /phoenix_html
149 verbose url resolving [ 'https://registry.npmjs.org/', './phoenix_html' ]
150 verbose url resolved https://registry.npmjs.org/phoenix_html
151 verbose request where is https://registry.npmjs.org/phoenix_html
152 info trying registry request attempt 1 at 19:28:43
153 http GET https://registry.npmjs.org/phoenix_html
154 http 200 https://registry.npmjs.org/javascript-brunch
155 silly registry.get cb [ 200,
155 silly registry.get   { server: 'CouchDB/1.5.0 (Erlang OTP/R16B03)',
155 silly registry.get     etag: '"29I869TOMAOKBX6F9X34ADN83"',
155 silly registry.get     'content-type': 'application/json',
155 silly registry.get     'content-encoding': 'gzip',
155 silly registry.get     'cache-control': 'max-age=300',
155 silly registry.get     'content-length': '3117',
155 silly registry.get     'accept-ranges': 'bytes',
155 silly registry.get     date: 'Sat, 30 Apr 2016 23:28:43 GMT',
155 silly registry.get     via: '1.1 varnish',
155 silly registry.get     age: '0',
155 silly registry.get     connection: 'keep-alive',
155 silly registry.get     'x-served-by': 'cache-atl6220-ATL',
155 silly registry.get     'x-cache': 'HIT',
155 silly registry.get     'x-cache-hits': '1',
155 silly registry.get     'x-timer': 'S1462058923.522033,VS0,VE83',
155 silly registry.get     vary: 'Accept-Encoding' } ]
156 silly addNameRange number 2 { name: 'javascript-brunch',
156 silly addNameRange   range: '>=1.8.0-0 <1.9.0-0',
156 silly addNameRange   hasData: true }
157 silly addNameRange versions [ 'javascript-brunch',
157 silly addNameRange   [ '1.0.0',
157 silly addNameRange     '1.1.0',
157 silly addNameRange     '1.1.1',
157 silly addNameRange     '1.3.0',
157 silly addNameRange     '1.5.0',
157 silly addNameRange     '1.5.1',
157 silly addNameRange     '1.6.0',
157 silly addNameRange     '1.7.0',
157 silly addNameRange     '1.7.1',
157 silly addNameRange     '1.8.0',
157 silly addNameRange     '2.0.0' ] ]
158 verbose addNamed [ 'javascript-brunch', '1.8.0' ]
159 verbose addNamed [ '1.8.0', '1.8.0' ]
160 silly lockFile a03396de-javascript-brunch-1-8-0 javascript-brunch@1.8.0
161 verbose lock javascript-brunch@1.8.0 /home/henry/.npm/a03396de-javascript-brunch-1-8-0.lock
162 silly lockFile ff384f7a-unch-javascript-brunch-1-8-0-tgz https://registry.npmjs.org/javascript-brunch/-/javascript-brunch-1.8.0.tgz
163 verbose lock https://registry.npmjs.org/javascript-brunch/-/javascript-brunch-1.8.0.tgz /home/henry/.npm/ff384f7a-unch-javascript-brunch-1-8-0-tgz.lock
164 verbose addRemoteTarball [ 'https://registry.npmjs.org/javascript-brunch/-/javascript-brunch-1.8.0.tgz',
164 verbose addRemoteTarball   '9d01b681f9e4f66bbe51cc1dbb70325ef3d831a5' ]
165 info retry fetch attempt 1 at 19:28:43
166 verbose fetch to= /tmp/npm-15837-hy7t9rsz/registry.npmjs.org/javascript-brunch/-/javascript-brunch-1.8.0.tgz
167 http GET https://registry.npmjs.org/javascript-brunch/-/javascript-brunch-1.8.0.tgz
168 http 200 https://registry.npmjs.org/clean-css-brunch
169 silly registry.get cb [ 200,
169 silly registry.get   { server: 'CouchDB/1.5.0 (Erlang OTP/R16B03)',
169 silly registry.get     etag: '"5MPZPCMAI74IWZRADCMJFIHZW"',
169 silly registry.get     'content-type': 'application/json',
169 silly registry.get     'content-encoding': 'gzip',
169 silly registry.get     'cache-control': 'max-age=300',
169 silly registry.get     'content-length': '3523',
169 silly registry.get     'accept-ranges': 'bytes',
169 silly registry.get     date: 'Sat, 30 Apr 2016 23:28:43 GMT',
169 silly registry.get     via: '1.1 varnish',
169 silly registry.get     age: '0',
169 silly registry.get     connection: 'keep-alive',
169 silly registry.get     'x-served-by': 'cache-atl6245-ATL',
169 silly registry.get     'x-cache': 'HIT',
169 silly registry.get     'x-cache-hits': '1',
169 silly registry.get     'x-timer': 'S1462058923.522745,VS0,VE131',
169 silly registry.get     vary: 'Accept-Encoding' } ]
170 silly addNameRange number 2 { name: 'clean-css-brunch',
170 silly addNameRange   range: '>=1.8.0-0 <1.9.0-0',
170 silly addNameRange   hasData: true }
171 silly addNameRange versions [ 'clean-css-brunch',
171 silly addNameRange   [ '1.0.0',
171 silly addNameRange     '1.1.0',
171 silly addNameRange     '1.1.1',
171 silly addNameRange     '1.3.0',
171 silly addNameRange     '1.4.0',
171 silly addNameRange     '1.5.0',
171 silly addNameRange     '1.5.1',
171 silly addNameRange     '1.6.0',
171 silly addNameRange     '1.7.0',
171 silly addNameRange     '1.7.1',
171 silly addNameRange     '1.7.2',
171 silly addNameRange     '1.8.0',
171 silly addNameRange     '2.0.0' ] ]
172 verbose addNamed [ 'clean-css-brunch', '1.8.0' ]
173 verbose addNamed [ '1.8.0', '1.8.0' ]
174 silly lockFile ad3a297f-clean-css-brunch-1-8-0 clean-css-brunch@1.8.0
175 verbose lock clean-css-brunch@1.8.0 /home/henry/.npm/ad3a297f-clean-css-brunch-1-8-0.lock
176 silly lockFile 356de468-runch-clean-css-brunch-1-8-0-tgz https://registry.npmjs.org/clean-css-brunch/-/clean-css-brunch-1.8.0.tgz
177 verbose lock https://registry.npmjs.org/clean-css-brunch/-/clean-css-brunch-1.8.0.tgz /home/henry/.npm/356de468-runch-clean-css-brunch-1-8-0-tgz.lock
178 verbose addRemoteTarball [ 'https://registry.npmjs.org/clean-css-brunch/-/clean-css-brunch-1.8.0.tgz',
178 verbose addRemoteTarball   'efea5ac3e2a99d08155c6c14e1eef466757b0984' ]
179 info retry fetch attempt 1 at 19:28:43
180 verbose fetch to= /tmp/npm-15837-hy7t9rsz/registry.npmjs.org/clean-css-brunch/-/clean-css-brunch-1.8.0.tgz
181 http GET https://registry.npmjs.org/clean-css-brunch/-/clean-css-brunch-1.8.0.tgz
182 http 200 https://registry.npmjs.org/babel-brunch
183 silly registry.get cb [ 200,
183 silly registry.get   { server: 'CouchDB/1.5.0 (Erlang OTP/R16B03)',
183 silly registry.get     etag: '"EGCK22FD2JMXMKJOSGDBZBQP7"',
183 silly registry.get     'content-type': 'application/json',
183 silly registry.get     'content-encoding': 'gzip',
183 silly registry.get     'cache-control': 'max-age=300',
183 silly registry.get     'content-length': '3408',
183 silly registry.get     'accept-ranges': 'bytes',
183 silly registry.get     date: 'Sat, 30 Apr 2016 23:28:43 GMT',
183 silly registry.get     via: '1.1 varnish',
183 silly registry.get     age: '0',
183 silly registry.get     connection: 'keep-alive',
183 silly registry.get     'x-served-by': 'cache-atl6242-ATL',
183 silly registry.get     'x-cache': 'HIT',
183 silly registry.get     'x-cache-hits': '1',
183 silly registry.get     'x-timer': 'S1462058923.524124,VS0,VE335',
183 silly registry.get     vary: 'Accept-Encoding' } ]
184 http 200 https://registry.npmjs.org/uglify-js-brunch
185 silly registry.get cb [ 200,
185 silly registry.get   { server: 'CouchDB/1.5.0 (Erlang OTP/R16B03)',
185 silly registry.get     etag: '"13FU9J8Y5W216UTLU2ZRS4T4M"',
185 silly registry.get     'content-type': 'application/json',
185 silly registry.get     'cache-control': 'max-age=300',
185 silly registry.get     'content-length': '21510',
185 silly registry.get     'accept-ranges': 'bytes',
185 silly registry.get     date: 'Sat, 30 Apr 2016 23:28:43 GMT',
185 silly registry.get     via: '1.1 varnish',
185 silly registry.get     age: '0',
185 silly registry.get     connection: 'keep-alive',
185 silly registry.get     'x-served-by': 'cache-atl6220-ATL',
185 silly registry.get     'x-cache': 'HIT',
185 silly registry.get     'x-cache-hits': '1',
185 silly registry.get     'x-timer': 'S1462058923.666554,VS0,VE128',
185 silly registry.get     vary: 'Accept-Encoding' } ]
186 silly addNameRange number 2 { name: 'babel-brunch',
186 silly addNameRange   range: '>=6.0.0-0 <6.1.0-0',
186 silly addNameRange   hasData: true }
187 silly addNameRange versions [ 'babel-brunch',
187 silly addNameRange   [ '4.0.0',
187 silly addNameRange     '5.0.0',
187 silly addNameRange     '5.0.1',
187 silly addNameRange     '5.1.0',
187 silly addNameRange     '5.1.1',
187 silly addNameRange     '5.1.2',
187 silly addNameRange     '6.0.0',
187 silly addNameRange     '6.0.1',
187 silly addNameRange     '6.0.2',
187 silly addNameRange     '6.0.3',
187 silly addNameRange     '6.0.4' ] ]
188 verbose addNamed [ 'babel-brunch', '6.0.4' ]
189 verbose addNamed [ '6.0.4', '6.0.4' ]
190 silly lockFile 77e90c0b-babel-brunch-6-0-4 babel-brunch@6.0.4
191 verbose lock babel-brunch@6.0.4 /home/henry/.npm/77e90c0b-babel-brunch-6-0-4.lock
192 silly addNameRange number 2 { name: 'uglify-js-brunch',
192 silly addNameRange   range: '>=1.7.0-0 <1.8.0-0',
192 silly addNameRange   hasData: true }
193 silly addNameRange versions [ 'uglify-js-brunch',
193 silly addNameRange   [ '1.0.0',
193 silly addNameRange     '1.1.0',
193 silly addNameRange     '1.1.1',
193 silly addNameRange     '1.3.0',
193 silly addNameRange     '1.3.1',
193 silly addNameRange     '1.5.0',
193 silly addNameRange     '1.5.1',
193 silly addNameRange     '1.7.0',
193 silly addNameRange     '1.7.1',
193 silly addNameRange     '1.7.2',
193 silly addNameRange     '1.7.3',
193 silly addNameRange     '1.7.4',
193 silly addNameRange     '1.7.5',
193 silly addNameRange     '1.7.6',
193 silly addNameRange     '1.7.7',
193 silly addNameRange     '1.7.8',
193 silly addNameRange     '2.0.0',
193 silly addNameRange     '2.0.1' ] ]
194 verbose addNamed [ 'uglify-js-brunch', '1.7.8' ]
195 verbose addNamed [ '1.7.8', '1.7.8' ]
196 silly lockFile cd6b0dc2-uglify-js-brunch-1-7-8 uglify-js-brunch@1.7.8
197 verbose lock uglify-js-brunch@1.7.8 /home/henry/.npm/cd6b0dc2-uglify-js-brunch-1-7-8.lock
198 silly lockFile b1d94b46-el-brunch-babel-brunch-6-0-4-tgz https://registry.npmjs.org/babel-brunch/-/babel-brunch-6.0.4.tgz
199 verbose lock https://registry.npmjs.org/babel-brunch/-/babel-brunch-6.0.4.tgz /home/henry/.npm/b1d94b46-el-brunch-babel-brunch-6-0-4-tgz.lock
200 silly lockFile 43154154-runch-uglify-js-brunch-1-7-8-tgz https://registry.npmjs.org/uglify-js-brunch/-/uglify-js-brunch-1.7.8.tgz
201 verbose lock https://registry.npmjs.org/uglify-js-brunch/-/uglify-js-brunch-1.7.8.tgz /home/henry/.npm/43154154-runch-uglify-js-brunch-1-7-8-tgz.lock
202 verbose addRemoteTarball [ 'https://registry.npmjs.org/babel-brunch/-/babel-brunch-6.0.4.tgz',
202 verbose addRemoteTarball   '5e298b6f6c78e6a7a49e025b2ca9a8be5ed9181f' ]
203 verbose addRemoteTarball [ 'https://registry.npmjs.org/uglify-js-brunch/-/uglify-js-brunch-1.7.8.tgz',
203 verbose addRemoteTarball   'b36dffbcd19cfea27248d34797effef1ae9d3a62' ]
204 info retry fetch attempt 1 at 19:28:43
205 verbose fetch to= /tmp/npm-15837-hy7t9rsz/registry.npmjs.org/babel-brunch/-/babel-brunch-6.0.4.tgz
206 info retry fetch attempt 1 at 19:28:43
207 verbose fetch to= /tmp/npm-15837-hy7t9rsz/registry.npmjs.org/uglify-js-brunch/-/uglify-js-brunch-1.7.8.tgz
208 http GET https://registry.npmjs.org/babel-brunch/-/babel-brunch-6.0.4.tgz
209 http GET https://registry.npmjs.org/uglify-js-brunch/-/uglify-js-brunch-1.7.8.tgz
210 http 200 https://registry.npmjs.org/brunch
211 silly registry.get cb [ 200,
211 silly registry.get   { server: 'CouchDB/1.5.0 (Erlang OTP/R16B03)',
211 silly registry.get     etag: '"8RCINFVBIM4DEZQATK0U3PVHF"',
211 silly registry.get     'content-type': 'application/json',
211 silly registry.get     'content-encoding': 'gzip',
211 silly registry.get     'cache-control': 'max-age=300',
211 silly registry.get     'content-length': '24183',
211 silly registry.get     'accept-ranges': 'bytes',
211 silly registry.get     date: 'Sat, 30 Apr 2016 23:28:43 GMT',
211 silly registry.get     via: '1.1 varnish',
211 silly registry.get     age: '0',
211 silly registry.get     connection: 'keep-alive',
211 silly registry.get     'x-served-by': 'cache-atl6249-ATL',
211 silly registry.get     'x-cache': 'HIT',
211 silly registry.get     'x-cache-hits': '1',
211 silly registry.get     'x-timer': 'S1462058923.507822,VS0,VE346',
211 silly registry.get     vary: 'Accept-Encoding' } ]
212 http 200 https://registry.npmjs.org/css-brunch
213 silly registry.get cb [ 200,
213 silly registry.get   { server: 'CouchDB/1.5.0 (Erlang OTP/R16B03)',
213 silly registry.get     etag: '"4YX2L1NJVSI2XGV2B6L7CKNYH"',
213 silly registry.get     'content-type': 'application/json',
213 silly registry.get     'cache-control': 'max-age=300',
213 silly registry.get     'content-length': '14183',
213 silly registry.get     'accept-ranges': 'bytes',
213 silly registry.get     date: 'Sat, 30 Apr 2016 23:28:43 GMT',
213 silly registry.get     via: '1.1 varnish',
213 silly registry.get     age: '0',
213 silly registry.get     connection: 'keep-alive',
213 silly registry.get     'x-served-by': 'cache-atl6242-ATL',
213 silly registry.get     'x-cache': 'HIT',
213 silly registry.get     'x-cache-hits': '1',
213 silly registry.get     'x-timer': 'S1462058923.558164,VS0,VE345',
213 silly registry.get     vary: 'Accept-Encoding' } ]
214 silly addNameRange number 2 { name: 'css-brunch',
214 silly addNameRange   range: '>=1.7.0-0 <1.8.0-0',
214 silly addNameRange   hasData: true }
215 silly addNameRange versions [ 'css-brunch',
215 silly addNameRange   [ '1.0.0',
215 silly addNameRange     '1.1.0',
215 silly addNameRange     '1.1.1',
215 silly addNameRange     '1.3.0',
215 silly addNameRange     '1.5.0',
215 silly addNameRange     '1.5.1',
215 silly addNameRange     '1.6.0',
215 silly addNameRange     '1.7.0',
215 silly addNameRange     '2.0.0',
215 silly addNameRange     '2.6.0',
215 silly addNameRange     '2.6.1' ] ]
216 verbose addNamed [ 'css-brunch', '1.7.0' ]
217 verbose addNamed [ '1.7.0', '1.7.0' ]
218 silly lockFile c3390392-css-brunch-1-7-0 css-brunch@1.7.0
219 verbose lock css-brunch@1.7.0 /home/henry/.npm/c3390392-css-brunch-1-7-0.lock
220 silly addNameRange number 2 { name: 'brunch', range: '>=2.1.3-0 <2.2.0-0', hasData: true }
221 silly addNameRange versions [ 'brunch',
221 silly addNameRange   [ '0.0.1',
221 silly addNameRange     '0.0.2',
221 silly addNameRange     '0.0.3',
221 silly addNameRange     '0.0.4',
221 silly addNameRange     '0.0.5',
221 silly addNameRange     '0.0.6',
221 silly addNameRange     '0.0.7',
221 silly addNameRange     '0.0.8',
221 silly addNameRange     '0.1.0',
221 silly addNameRange     '0.1.1',
221 silly addNameRange     '0.1.3',
221 silly addNameRange     '0.1.4',
221 silly addNameRange     '0.1.5',
221 silly addNameRange     '0.1.6',
221 silly addNameRange     '0.1.7',
221 silly addNameRange     '0.1.8',
221 silly addNameRange     '0.1.9',
221 silly addNameRange     '0.2.0',
221 silly addNameRange     '0.2.1',
221 silly addNameRange     '0.2.2',
221 silly addNameRange     '0.2.3',
221 silly addNameRange     '0.2.4',
221 silly addNameRange     '0.2.6',
221 silly addNameRange     '0.2.7',
221 silly addNameRange     '0.2.8',
221 silly addNameRange     '0.3.0',
221 silly addNameRange     '0.3.1',
221 silly addNameRange     '0.3.2',
221 silly addNameRange     '0.3.4',
221 silly addNameRange     '0.3.5',
221 silly addNameRange     '0.3.6',
221 silly addNameRange     '0.3.7',
221 silly addNameRange     '0.4.0',
221 silly addNameRange     '0.4.1',
221 silly addNameRange     '0.4.2',
221 silly addNameRange     '0.4.3',
221 silly addNameRange     '0.4.4',
221 silly addNameRange     '0.4.5',
221 silly addNameRange     '0.5.1',
221 silly addNameRange     '0.5.2',
221 silly addNameRange     '0.5.3',
221 silly addNameRange     '0.5.4',
221 silly addNameRange     '0.5.5',
221 silly addNameRange     '0.5.6',
221 silly addNameRange     '0.6.0',
221 silly addNameRange     '0.6.1',
221 silly addNameRange     '0.6.2',
221 silly addNameRange     '0.7.0',
221 silly addNameRange     '0.7.1',
221 silly addNameRange     '0.7.2',
221 silly addNameRange     '0.7.3',
221 silly addNameRange     '0.7.4',
221 silly addNameRange     '0.8.0',
221 silly addNameRange     '0.8.1',
221 silly addNameRange     '0.9.0-beta1',
221 silly addNameRange     '0.9.0',
221 silly addNameRange     '0.9.1',
221 silly addNameRange     '1.0.0',
221 silly addNameRange     '1.0.1',
221 silly addNameRange     '1.0.2',
221 silly addNameRange     '1.0.3',
221 silly addNameRange     '1.1.0',
221 silly addNameRange     '1.1.1',
221 silly addNameRange     '1.1.2',
221 silly addNameRange     '1.2.0',
221 silly addNameRange     '1.2.1',
221 silly addNameRange     '1.2.2',
221 silly addNameRange     '1.3.0',
221 silly addNameRange     '1.3.1',
221 silly addNameRange     '1.3.2',
221 silly addNameRange     '1.3.3',
221 silly addNameRange     '1.3.4',
221 silly addNameRange     '1.4.0',
221 silly addNameRange     '1.4.1',
221 silly addNameRange     '1.4.2',
221 silly addNameRange     '1.4.3',
221 silly addNameRange     '1.4.4',
221 silly addNameRange     '1.4.5',
221 silly addNameRange     '1.5.0',
221 silly addNameRange     '1.5.1',
221 silly addNameRange     '1.5.2',
221 silly addNameRange     '1.5.3',
221 silly addNameRange     '1.5.4',
221 silly addNameRange     '1.6.0',
221 silly addNameRange     '1.6.1',
221 silly addNameRange     '1.6.2',
221 silly addNameRange     '1.6.3',
221 silly addNameRange     '1.6.4',
221 silly addNameRange     '1.6.5',
221 silly addNameRange     '1.6.6',
221 silly addNameRange     '1.6.7',
221 silly addNameRange     '1.7.0',
221 silly addNameRange     '1.7.1',
221 silly addNameRange     '1.7.2',
221 silly addNameRange     '1.7.3',
221 silly addNameRange     '1.7.4',
221 silly addNameRange     '1.7.5',
221 silly addNameRange     '1.7.6',
221 silly addNameRange     '1.7.7',
221 silly addNameRange     '1.7.8',
221 silly addNameRange     '1.7.9',
221 silly addNameRange     '1.7.10',
221 silly addNameRange     '1.7.12',
221 silly addNameRange     '1.7.13',
221 silly addNameRange     '1.7.14',
221 silly addNameRange     '1.7.15',
221 silly addNameRange     '1.7.16',
221 silly addNameRange     '1.7.17',
221 silly addNameRange     '1.7.18',
221 silly addNameRange     '1.7.19',
221 silly addNameRange     '1.7.20',
221 silly addNameRange     '1.8.0',
221 silly addNameRange     '1.8.1',
221 silly addNameRange     '1.8.2',
221 silly addNameRange     '1.8.3',
221 silly addNameRange     '1.8.4',
221 silly addNameRange     '1.8.5',
221 silly addNameRange     '2.0.0',
221 silly addNameRange     '2.0.1',
221 silly addNameRange     '2.0.2',
221 silly addNameRange     '2.0.3',
221 silly addNameRange     '2.0.4',
221 silly addNameRange     '2.1.0',
221 silly addNameRange     '2.1.1',
221 silly addNameRange     '2.1.2',
221 silly addNameRange     '2.1.3',
221 silly addNameRange     '2.2.0',
221 silly addNameRange     '2.2.1',
221 silly addNameRange     '2.2.2',
221 silly addNameRange     '2.2.3',
221 silly addNameRange     '2.3.0',
221 silly addNameRange     '2.3.1',
221 silly addNameRange     '2.3.2',
221 silly addNameRange     '2.4.0',
221 silly addNameRange     '2.4.1',
221 silly addNameRange     '2.4.2',
221 silly addNameRange     '2.5.0-pre',
221 silly addNameRange     '2.5.0',
221 silly addNameRange     '2.5.1',
221 silly addNameRange     '2.5.2',
221 silly addNameRange     '2.5.3',
221 silly addNameRange     '2.6.0',
221 silly addNameRange     '2.6.1',
221 silly addNameRange     '2.6.2',
221 silly addNameRange     '2.6.3',
221 silly addNameRange     '2.6.4',
221 silly addNameRange     '2.6.5',
221 silly addNameRange     '2.6.6',
221 silly addNameRange     '2.7.1',
221 silly addNameRange     '2.7.2',
221 silly addNameRange     '2.7.3',
221 silly addNameRange     '2.7.4' ] ]
222 verbose addNamed [ 'brunch', '2.1.3' ]
223 verbose addNamed [ '2.1.3', '2.1.3' ]
224 silly lockFile deb19202-brunch-2-1-3 brunch@2.1.3
225 verbose lock brunch@2.1.3 /home/henry/.npm/deb19202-brunch-2-1-3.lock
226 http 200 https://registry.npmjs.org/javascript-brunch/-/javascript-brunch-1.8.0.tgz
227 http 200 https://registry.npmjs.org/clean-css-brunch/-/clean-css-brunch-1.8.0.tgz
228 silly lockFile e07423bc--css-brunch-css-brunch-1-7-0-tgz https://registry.npmjs.org/css-brunch/-/css-brunch-1.7.0.tgz
229 verbose lock https://registry.npmjs.org/css-brunch/-/css-brunch-1.7.0.tgz /home/henry/.npm/e07423bc--css-brunch-css-brunch-1-7-0-tgz.lock
230 silly lockFile 33124ba8-pmjs-org-brunch-brunch-2-1-3-tgz https://registry.npmjs.org/brunch/-/brunch-2.1.3.tgz
231 verbose lock https://registry.npmjs.org/brunch/-/brunch-2.1.3.tgz /home/henry/.npm/33124ba8-pmjs-org-brunch-brunch-2-1-3-tgz.lock
232 verbose addRemoteTarball [ 'https://registry.npmjs.org/css-brunch/-/css-brunch-1.7.0.tgz',
232 verbose addRemoteTarball   '258c1b038a970840af0c6a8e5582f614050294da' ]
233 verbose addRemoteTarball [ 'https://registry.npmjs.org/brunch/-/brunch-2.1.3.tgz',
233 verbose addRemoteTarball   'f695d23db6dd192e3d01a980fe57d5542a3d89d1' ]
234 info retry fetch attempt 1 at 19:28:44
235 verbose fetch to= /tmp/npm-15837-hy7t9rsz/registry.npmjs.org/css-brunch/-/css-brunch-1.7.0.tgz
236 info retry fetch attempt 1 at 19:28:44
237 verbose fetch to= /tmp/npm-15837-hy7t9rsz/registry.npmjs.org/brunch/-/brunch-2.1.3.tgz
238 http GET https://registry.npmjs.org/css-brunch/-/css-brunch-1.7.0.tgz
239 http GET https://registry.npmjs.org/brunch/-/brunch-2.1.3.tgz
240 silly lockFile ff384f7a-unch-javascript-brunch-1-8-0-tgz https://registry.npmjs.org/javascript-brunch/-/javascript-brunch-1.8.0.tgz
241 silly lockFile ff384f7a-unch-javascript-brunch-1-8-0-tgz https://registry.npmjs.org/javascript-brunch/-/javascript-brunch-1.8.0.tgz
242 silly lockFile 356de468-runch-clean-css-brunch-1-8-0-tgz https://registry.npmjs.org/clean-css-brunch/-/clean-css-brunch-1.8.0.tgz
243 silly lockFile 356de468-runch-clean-css-brunch-1-8-0-tgz https://registry.npmjs.org/clean-css-brunch/-/clean-css-brunch-1.8.0.tgz
244 silly lockFile a03396de-javascript-brunch-1-8-0 javascript-brunch@1.8.0
245 silly lockFile a03396de-javascript-brunch-1-8-0 javascript-brunch@1.8.0
246 silly lockFile ad3a297f-clean-css-brunch-1-8-0 clean-css-brunch@1.8.0
247 silly lockFile ad3a297f-clean-css-brunch-1-8-0 clean-css-brunch@1.8.0
248 silly lockFile e65a8e02-javascript-brunch-1-8-0 javascript-brunch@~1.8.0
249 silly lockFile e65a8e02-javascript-brunch-1-8-0 javascript-brunch@~1.8.0
250 silly lockFile ce351c63-clean-css-brunch-1-8-0 clean-css-brunch@~1.8.0
251 silly lockFile ce351c63-clean-css-brunch-1-8-0 clean-css-brunch@~1.8.0
252 http 200 https://registry.npmjs.org/phoenix
253 silly registry.get cb [ 200,
253 silly registry.get   { server: 'CouchDB/1.5.0 (Erlang OTP/R16B03)',
253 silly registry.get     etag: '"3KWLGPJF5U3RDJTFGVX0954C8"',
253 silly registry.get     'content-type': 'application/json',
253 silly registry.get     'content-encoding': 'gzip',
253 silly registry.get     'cache-control': 'max-age=300',
253 silly registry.get     'content-length': '636',
253 silly registry.get     'accept-ranges': 'bytes',
253 silly registry.get     date: 'Sat, 30 Apr 2016 23:28:44 GMT',
253 silly registry.get     via: '1.1 varnish',
253 silly registry.get     age: '0',
253 silly registry.get     connection: 'keep-alive',
253 silly registry.get     'x-served-by': 'cache-atl6245-ATL',
253 silly registry.get     'x-cache': 'MISS',
253 silly registry.get     'x-cache-hits': '0',
253 silly registry.get     'x-timer': 'S1462058923.713109,VS0,VE362',
253 silly registry.get     vary: 'Accept-Encoding' } ]
254 info maybeGithub Attempting file:deps/phoenix from git://github.com/file:deps/phoenix
255 silly lockFile 6d5f9840-git-github-com-file-deps-phoenix git://github.com/file:deps/phoenix
256 verbose lock git://github.com/file:deps/phoenix /home/henry/.npm/6d5f9840-git-github-com-file-deps-phoenix.lock
257 verbose addRemoteGit [ 'git://github.com/file:deps/phoenix', 'master' ]
258 http 404 https://registry.npmjs.org/phoenix_html
259 silly registry.get cb [ 404,
259 silly registry.get   { 'content-type': 'application/json',
259 silly registry.get     'cache-control': 'max-age=0',
259 silly registry.get     'content-length': '2',
259 silly registry.get     'accept-ranges': 'bytes',
259 silly registry.get     date: 'Sat, 30 Apr 2016 23:28:44 GMT',
259 silly registry.get     via: '1.1 varnish',
259 silly registry.get     age: '0',
259 silly registry.get     connection: 'keep-alive',
259 silly registry.get     'x-served-by': 'cache-atl6242-ATL',
259 silly registry.get     'x-cache': 'MISS',
259 silly registry.get     'x-cache-hits': '0',
259 silly registry.get     'x-timer': 'S1462058923.962195,VS0,VE142',
259 silly registry.get     vary: 'Accept-Encoding' } ]
260 info maybeGithub Attempting file:deps/phoenix_html from git://github.com/file:deps/phoenix_html
261 silly lockFile f4155054-ithub-com-file-deps-phoenix-html git://github.com/file:deps/phoenix_html
262 verbose lock git://github.com/file:deps/phoenix_html /home/henry/.npm/f4155054-ithub-com-file-deps-phoenix-html.lock
263 verbose addRemoteGit [ 'git://github.com/file:deps/phoenix_html', 'master' ]
264 verbose git clone git://github.com/file:deps/phoenix Cloning into bare repository '/home/henry/.npm/_git-remotes/git-github-com-file-deps-phoenix-6d5f9840'...
264 verbose git clone git://github.com/file:deps/phoenix fatal: remote error:
264 verbose git clone git://github.com/file:deps/phoenix   file:deps/phoenix is not a valid repository name
264 verbose git clone git://github.com/file:deps/phoenix   Email support@github.com for help
265 silly lockFile 6d5f9840-git-github-com-file-deps-phoenix git://github.com/file:deps/phoenix
266 silly lockFile 6d5f9840-git-github-com-file-deps-phoenix git://github.com/file:deps/phoenix
267 verbose git clone git://github.com/file:deps/phoenix_html Cloning into bare repository '/home/henry/.npm/_git-remotes/git-github-com-file-deps-phoenix-html-f4155054'...
267 verbose git clone git://github.com/file:deps/phoenix_html fatal: remote error:
267 verbose git clone git://github.com/file:deps/phoenix_html   file:deps/phoenix_html is not a valid repository name
267 verbose git clone git://github.com/file:deps/phoenix_html   Email support@github.com for help
268 info maybeGithub Attempting file:deps/phoenix from git+ssh://git@github.com:file:deps/phoenix
269 silly lockFile c83d6c1a-git-github-com-file-deps-phoenix git@github.com:file:deps/phoenix
270 verbose lock git@github.com:file:deps/phoenix /home/henry/.npm/c83d6c1a-git-github-com-file-deps-phoenix.lock
271 silly lockFile f4155054-ithub-com-file-deps-phoenix-html git://github.com/file:deps/phoenix_html
272 silly lockFile f4155054-ithub-com-file-deps-phoenix-html git://github.com/file:deps/phoenix_html
273 info maybeGithub Attempting file:deps/phoenix_html from git+ssh://git@github.com:file:deps/phoenix_html
274 silly lockFile 50a27b71-ithub-com-file-deps-phoenix-html git@github.com:file:deps/phoenix_html
275 verbose lock git@github.com:file:deps/phoenix_html /home/henry/.npm/50a27b71-ithub-com-file-deps-phoenix-html.lock
276 verbose addRemoteGit [ 'git@github.com:file:deps/phoenix', 'master' ]
277 verbose addRemoteGit [ 'git@github.com:file:deps/phoenix_html', 'master' ]
278 http 200 https://registry.npmjs.org/babel-brunch/-/babel-brunch-6.0.4.tgz
279 http 200 https://registry.npmjs.org/uglify-js-brunch/-/uglify-js-brunch-1.7.8.tgz
280 silly lockFile b1d94b46-el-brunch-babel-brunch-6-0-4-tgz https://registry.npmjs.org/babel-brunch/-/babel-brunch-6.0.4.tgz
281 silly lockFile b1d94b46-el-brunch-babel-brunch-6-0-4-tgz https://registry.npmjs.org/babel-brunch/-/babel-brunch-6.0.4.tgz
282 silly lockFile 77e90c0b-babel-brunch-6-0-4 babel-brunch@6.0.4
283 silly lockFile 77e90c0b-babel-brunch-6-0-4 babel-brunch@6.0.4
284 silly lockFile 6b74a846-babel-brunch-6-0-0 babel-brunch@~6.0.0
285 silly lockFile 6b74a846-babel-brunch-6-0-0 babel-brunch@~6.0.0
286 silly lockFile 43154154-runch-uglify-js-brunch-1-7-8-tgz https://registry.npmjs.org/uglify-js-brunch/-/uglify-js-brunch-1.7.8.tgz
287 silly lockFile 43154154-runch-uglify-js-brunch-1-7-8-tgz https://registry.npmjs.org/uglify-js-brunch/-/uglify-js-brunch-1.7.8.tgz
288 silly lockFile cd6b0dc2-uglify-js-brunch-1-7-8 uglify-js-brunch@1.7.8
289 silly lockFile cd6b0dc2-uglify-js-brunch-1-7-8 uglify-js-brunch@1.7.8
290 silly lockFile 1e79e113-uglify-js-brunch-1-7-0 uglify-js-brunch@~1.7.0
291 silly lockFile 1e79e113-uglify-js-brunch-1-7-0 uglify-js-brunch@~1.7.0
292 http 200 https://registry.npmjs.org/css-brunch/-/css-brunch-1.7.0.tgz
293 silly lockFile e07423bc--css-brunch-css-brunch-1-7-0-tgz https://registry.npmjs.org/css-brunch/-/css-brunch-1.7.0.tgz
294 silly lockFile e07423bc--css-brunch-css-brunch-1-7-0-tgz https://registry.npmjs.org/css-brunch/-/css-brunch-1.7.0.tgz
295 silly lockFile c3390392-css-brunch-1-7-0 css-brunch@1.7.0
296 silly lockFile c3390392-css-brunch-1-7-0 css-brunch@1.7.0
297 silly lockFile 37226b7f-css-brunch-1-7-0 css-brunch@~1.7.0
298 silly lockFile 37226b7f-css-brunch-1-7-0 css-brunch@~1.7.0
299 http 200 https://registry.npmjs.org/brunch/-/brunch-2.1.3.tgz
300 silly lockFile 33124ba8-pmjs-org-brunch-brunch-2-1-3-tgz https://registry.npmjs.org/brunch/-/brunch-2.1.3.tgz
301 silly lockFile 33124ba8-pmjs-org-brunch-brunch-2-1-3-tgz https://registry.npmjs.org/brunch/-/brunch-2.1.3.tgz
302 silly lockFile deb19202-brunch-2-1-3 brunch@2.1.3
303 silly lockFile deb19202-brunch-2-1-3 brunch@2.1.3
304 silly lockFile ae899708-brunch-2-1-3 brunch@~2.1.3
305 silly lockFile ae899708-brunch-2-1-3 brunch@~2.1.3
306 error git clone git@github.com:file:deps/phoenix Cloning into bare repository '/home/henry/.npm/_git-remotes/git-github-com-file-deps-phoenix-c83d6c1a'...
306 error git clone git@github.com:file:deps/phoenix fatal: remote error:
306 error git clone git@github.com:file:deps/phoenix    is not a valid repository name
306 error git clone git@github.com:file:deps/phoenix   Email support@github.com for help
307 silly lockFile c83d6c1a-git-github-com-file-deps-phoenix git@github.com:file:deps/phoenix
308 silly lockFile c83d6c1a-git-github-com-file-deps-phoenix git@github.com:file:deps/phoenix
309 silly lockFile 25706d37-phoenix-file-deps-phoenix phoenix@file:deps/phoenix
310 silly lockFile 25706d37-phoenix-file-deps-phoenix phoenix@file:deps/phoenix
311 error git clone git@github.com:file:deps/phoenix_html Cloning into bare repository '/home/henry/.npm/_git-remotes/git-github-com-file-deps-phoenix-html-50a27b71'...
311 error git clone git@github.com:file:deps/phoenix_html fatal: remote error:
311 error git clone git@github.com:file:deps/phoenix_html    is not a valid repository name
311 error git clone git@github.com:file:deps/phoenix_html   Email support@github.com for help
312 silly lockFile 50a27b71-ithub-com-file-deps-phoenix-html git@github.com:file:deps/phoenix_html
313 silly lockFile 50a27b71-ithub-com-file-deps-phoenix-html git@github.com:file:deps/phoenix_html
314 silly lockFile 3d88e48d-enix-html-file-deps-phoenix-html phoenix_html@file:deps/phoenix_html
315 silly lockFile 3d88e48d-enix-html-file-deps-phoenix-html phoenix_html@file:deps/phoenix_html
316 error notarget No compatible version found: phoenix@'file:deps/phoenix'
316 error notarget Valid install targets:
316 error notarget ["0.1.1-dev"]
316 error notarget
316 error notarget This is most likely not a problem with npm itself.
316 error notarget In most cases you or one of your dependencies are requesting
316 error notarget a package version that doesn't exist.
317 error System Linux 3.16.0-67-generic
318 error command "/usr/bin/node" "/usr/bin/npm" "install"
319 error cwd /home/henry/Dev/elixir_twitter
320 error node -v v0.10.37
321 error npm -v 1.4.28
322 error code ETARGET
323 verbose exit [ 1, true ]
